number,value,datetime_start,datetime_complete,duration,params_alpha,params_base_ch,params_batch_size,params_dropout,params_latent_ch,params_lr,user_attrs_val_psnr,user_attrs_val_ssim,system_attrs_fixed_params,system_attrs_tpe:relative_params:0,state
0,0.3625522777438164,2026-10-04 14:00:26.877497,2026-10-04 14:01:07.810079,0 days 00:00:40.932582,0.8,32,32,0.0,16,0.001,21.363388061523438,0.7020324468612671,"{'lr': 0.001, 'batch_size': 32, 'latent_ch': 16, 'base_ch': 32, 'dropout': 0.0, 'alpha': 0.8}",,COMPLETE
1,0.32487698271870613,2026-10-04 14:01:08.124174,2026-10-04 14:02:05.269184,0 days 00:00:57.145010,0.5955525998052242,64,16,0.2497327922401265,32,0.0003574712922600243,21.664003372192383,0.7376128435134888,,,COMPLETE
2,0.4370753765106201,2026-10-04 14:02:05.694398,2026-10-04 14:03:02.537578,0 days 00:00:56.843180,0.7314054972861253,64,64,0.05990213464750792,16,0.00018559980846490597,20.532434463500977,0.6339939832687378,,,COMPLETE
3,0.3581673875451088,2026-10-04 14:03:02.925452,2026-10-04 14:03:53.252731,0 days 00:00:50.327279,0.7228296095500716,48,32,0.036611470453433645,16,0.000750011895041699,21.445907592773438,0.705930233001709,,,COMPLETE
4,0.6105017215013504,2026-10-04 14:03:53.562062,2026-10-04 14:04:08.022310,0 days 00:00:14.460248,0.9148434057604025,16,16,0.17936999364332554,16,0.00011240768803005555,,,,,PRUNED
5,0.5646616443991661,2026-10-04 14:04:18.444368,2026-10-04 14:04:37.064979,0 days 00:00:18.620611,0.9440991214702328,64,64,0.022365193103931248,16,0.00013511829476450826,,,,,PRUNED
6,0.5756291896104813,2026-10-04 14:04:47.484367,2026-10-04 14:05:04.532853,0 days 00:00:17.048486,0.5286012576287107,48,64,0.09926940745579475,16,0.0013826083091896758,,,,,PRUNED
7,0.48209234327077866,2026-10-04 14:05:14.953292,2026-10-04 14:05:32.007883,0 days 00:00:17.054591,0.6923934582613473,48,32,0.1568198488145982,4,0.0002879775265707035,,,,,PRUNED
8,0.9215822517871857,2026-10-04 14:05:42.421996,2026-10-04 14:05:54.804057,0 days 00:00:12.382061,0.5725495792643019,32,64,0.0869254358741304,16,0.00010903028125371,,,,,PRUNED
9,0.6585697382688522,2026-10-04 14:06:05.258161,2026-10-04 14:06:17.401494,0 days 00:00:12.143333,0.6921985048818153,32,64,0.0683805487625825,16,0.0023619797107806506,,,,,PRUNED
10,0.40912146121263504,2026-10-04 14:06:28.029602,2026-10-04 14:07:09.186706,0 days 00:00:41.157104,0.6936773220020732,64,16,0.26695253718700107,32,0.00011446987023999696,,,,"{""alpha"": 0.6936773220020732, ""base_ch"": 64, ""batch_size"": 16, ""dropout"": 0.26695253718700107, ""latent_ch"": 32, ""lr"": 0.00011446987023999696}",PRUNED
11,0.5006596744060516,2026-10-04 14:07:19.643399,2026-10-04 14:07:36.745296,0 days 00:00:17.101897,0.854529168044168,48,32,0.189689118565599,16,0.0007893413277479098,,,,"{""alpha"": 0.854529168044168, ""base_ch"": 48, ""batch_size"": 32, ""dropout"": 0.189689118565599, ""latent_ch"": 16, ""lr"": 0.0007893413277479098}",PRUNED
